0000000000000000 0000000000000401 b __fixedpath
0000000000000000 A __start__
0000000000000000 T _start
0000000000000000 b _TLS_MODULE_BASE_
0000000000000080 t startup
00000000000000b0 t bss_loop
0000000000000104 T __nx_exit
0000000000000118 T _init
0000000000000180 0000000000000244 T main
00000000000003c8 t deregister_tm_clones
00000000000003f8 t register_tm_clones
0000000000000408 0000000000002000 b tmp_buffer.6653
0000000000000430 t __do_global_dtors_aux
0000000000000478 t frame_dummy
00000000000004b0 0000000000000294 T consoleDrawChar
0000000000000750 0000000000000164 T consolePrintChar
00000000000008c0 0000000000000170 t consoleClearLine
0000000000000a30 00000000000001c4 t newRow
0000000000000c00 000000000000018c t consoleCls
0000000000000d90 00000000000000f8 T consoleInit
0000000000000e90 0000000000000854 t con_write
00000000000016f0 0000000000000034 t ipcCloseObjectById
0000000000001730 0000000000000124 t _appletGetHandle
0000000000001860 00000000000000e0 t _appletGetOperationMode.constprop.13
0000000000001940 00000000000000e0 t _appletGetCurrentFocusState.constprop.15
0000000000001a20 00000000000000ec t _appletReceiveMessage
0000000000001b10 00000000000000e0 t _appletGetPerformanceMode.constprop.14
0000000000001bf0 00000000000000cc t _appletAcquireForegroundRights
0000000000001cc0 00000000000000d4 t _appletSetOperationModeChangedNotification.constprop.16
0000000000001da0 00000000000000d4 t _appletSetPerformanceModeChangedNotification.constprop.17
0000000000001e80 00000000000000d0 t _appletSetOutOfFocusSuspendingEnabled
0000000000001f50 00000000000000d8 t _appletSetFocusHandlingMode
0000000000002030 00000000000000e0 t _appletGetAppletResourceUserId.constprop.11
0000000000002110 000000000000013c t _appletGetSessionProxy.constprop.10
0000000000002250 000000000000048c T appletExit
0000000000002408 0000000000002000 b tmp_buffer.6677
00000000000026e0 0000000000000028 T appletHook
0000000000002710 0000000000000034 T appletUnhook
0000000000002750 0000000000000028 T appletGetAppletResourceUserId
0000000000002780 0000000000000120 T appletNotifyRunning
00000000000028a0 00000000000004dc T appletInitialize
0000000000002d80 00000000000000ec T appletCreateManagedDisplayLayer
0000000000002e70 000000000000000c T appletGetOperationMode
0000000000002e80 0000000000000144 T appletMainLoop
0000000000002fd0 0000000000000034 t ipcCloseObjectById
0000000000003010 0000000000000124 t _hidGetSharedMemoryHandle.constprop.8
0000000000003140 0000000000000134 t _hidCreateAppletResource.constprop.7
0000000000003280 00000000000001b0 T hidReset
0000000000003430 000000000000000c T hidGetSharedmemAddr
0000000000003440 000000000000006c T hidKeysDown
00000000000034b0 000000000000000c T hidTouchCount
00000000000034c0 000000000000049c T hidScanInput
0000000000003960 0000000000000108 T hidSetNpadJoyAssignmentModeDual
0000000000003a70 0000000000000120 T hidExit
0000000000003b90 00000000000000ec T hidInitialize
0000000000003c80 0000000000000044 T smAddOverrideHandle
0000000000003cd0 0000000000000060 T smGetServiceOverride
0000000000003d30 0000000000000014 T smHasInitialized
0000000000003d50 0000000000000048 T smExit
0000000000003da0 0000000000000038 T smEncodeName
0000000000003de0 000000000000012c T smGetServiceOriginal
0000000000003f10 0000000000000158 T smInitialize
0000000000004070 0000000000000074 T smGetService
00000000000040f0 0000000000000034 t ipcCloseObjectById
0000000000004130 0000000000000124 t _apmGetSession.constprop.4
0000000000004260 00000000000000f0 T apmExit
0000000000004350 000000000000008c T apmInitialize
00000000000043e0 00000000000000cc T apmSetPerformanceConfiguration
00000000000044b0 00000000000000c0 T fatalSimple
0000000000004570 00000000000000c8 t _gfxDequeueBuffer.part.0
0000000000004640 0000000000000038 t _gfxQueueBuffer.part.1
0000000000004680 00000000000000e8 T gfxConfigureCrop
0000000000004770 0000000000000014 T gfxConfigureResolution
0000000000004790 0000000000000060 t _gfxAutoResolutionAppletHook
00000000000047f0 000000000000011c T gfxConfigureAutoResolution
0000000000004910 0000000000000178 T gfxExit
0000000000004a90 0000000000000054 T _gfxGraphicBufferInit
0000000000004af0 0000000000000080 T gfxWaitForVsync
0000000000004b70 0000000000000588 T gfxInitDefault
0000000000005100 000000000000005c T gfxSwapBuffers
0000000000005160 0000000000000068 T gfxGetFramebuffer
00000000000051d0 000000000000000c T gfxSetMode
00000000000051e0 0000000000000144 T gfxFlushBuffers
0000000000005330 000000000000003c t nvmapobjClose
0000000000005370 000000000000006c t nvmapobjInitialize.part.0
00000000000053e0 0000000000000070 t nvmapobjSetup.constprop.2
0000000000005450 0000000000000bd8 T nvgfxInitialize
0000000000006030 0000000000000128 T nvgfxExit
0000000000006160 0000000000000068 T nvgfxEventWait
00000000000061d0 000000000000003c T nvgfxGetFramebuffer
0000000000006210 0000000000000024 T nvioctlChannel_SetNvmapFd
0000000000006240 0000000000000030 T nvioctlChannel_AllocObjCtx
0000000000006270 0000000000000028 T nvioctlChannel_ZCullBind
00000000000062a0 0000000000000028 T nvioctlChannel_SetErrorNotifier
00000000000062d0 0000000000000024 T nvioctlChannel_SetPriority
0000000000006300 0000000000000054 T nvioctlChannel_AllocGpfifoEx2
0000000000006360 0000000000000024 T nvioctlChannel_SetUserData
0000000000006390 0000000000000040 T nvioctlNvhostCtrl_EventWait
00000000000063d0 000000000000003c T nvioctlNvhostCtrlGpu_ZCullGetCtxSize
0000000000006410 0000000000000060 T nvioctlNvhostCtrlGpu_ZCullGetInfo
0000000000006470 000000000000009c T nvioctlNvhostCtrlGpu_GetCharacteristics
0000000000006510 000000000000005c T nvioctlNvhostCtrlGpu_GetTpcMasks
0000000000006570 000000000000003c T nvioctlNvhostCtrlGpu_GetL2State
00000000000065b0 0000000000000024 T nvioctlNvhostAsGpu_BindChannel
00000000000065e0 0000000000000044 T nvioctlNvhostAsGpu_AllocSpace
0000000000006630 0000000000000050 T nvioctlNvhostAsGpu_MapBufferEx
0000000000006680 0000000000000070 T nvioctlNvhostAsGpu_GetVARegions
00000000000066f0 000000000000003c T nvioctlNvhostAsGpu_InitializeEx
0000000000006730 000000000000003c T nvioctlNvmap_Create
0000000000006770 000000000000003c T nvioctlNvmap_FromId
00000000000067b0 0000000000000030 T nvioctlNvmap_Alloc
00000000000067e0 000000000000003c T nvioctlNvmap_GetId
000000000000681c T armDCacheFlush
0000000000006840 t armDCacheFlush_L0
0000000000006858 T svcSetHeapSize
000000000000686c T svcUnmapMemory
0000000000006874 T svcQueryMemory
0000000000006888 T svcExitProcess
0000000000006890 T svcSleepThread
0000000000006898 T svcMapSharedMemory
00000000000068a0 T svcUnmapSharedMemory
00000000000068a8 T svcCreateTransferMemory
00000000000068bc T svcCloseHandle
00000000000068c4 T svcResetSignal
00000000000068cc T svcWaitSynchronization
00000000000068e0 T svcArbitrateLock
00000000000068e8 T svcArbitrateUnlock
00000000000068f0 T svcGetSystemTick
00000000000068f8 T svcConnectToNamedPort
000000000000690c T svcSendSyncRequest
0000000000006914 T svcBreak
000000000000691c T svcGetInfo
0000000000006930 T svcUnmapTransferMemory
0000000000006940 00000000000000a0 T __nx_dynamic
00000000000069e0 00000000000000d8 W __libnx_initheap
0000000000006ac0 0000000000000074 W __appInit
0000000000006b40 0000000000000024 W __appExit
0000000000006b70 0000000000000028 W __libnx_init
0000000000006ba0 0000000000000020 W __libnx_exit
0000000000006bc0 00000000000001b0 T envSetup
0000000000006d70 0000000000000020 T envGetMainThreadHandle
0000000000006d90 000000000000000c T envIsNso
0000000000006da0 0000000000000014 T envHasHeapOverride
0000000000006dc0 000000000000000c T envGetHeapOverrideAddr
0000000000006dd0 000000000000000c T envGetHeapOverrideSize
0000000000006de0 0000000000000014 T envHasArgv
0000000000006e00 000000000000000c T envGetArgv
0000000000006e10 000000000000000c T envGetExitFuncPtr
0000000000006e20 0000000000000008 t mutexInit
0000000000006e30 000000000000000c t rmutexInit
0000000000006e40 0000000000000080 T __libnx_gtod
0000000000006ec0 0000000000000034 t __libnx_get_reent
0000000000006f00 00000000000000ec T newlibSetup
0000000000006ff0 0000000000000368 T argvSetup
0000000000007360 0000000000000140 t _CacheValues
00000000000074a0 000000000000001c T kernelAbove200
00000000000074c0 000000000000001c T kernelAbove300
00000000000074e0 0000000000000030 T detectDebugger
0000000000007510 0000000000000014 T shmemLoadRemote
0000000000007530 0000000000000084 T shmemMap
00000000000075c0 0000000000000058 T shmemUnmap
0000000000007620 0000000000000044 T shmemClose
0000000000007670 000000000000004c T rwlockReadLock
00000000000076c0 000000000000004c T rwlockReadUnlock
0000000000007710 0000000000000008 T rwlockWriteLock
0000000000007720 0000000000000008 T rwlockWriteUnlock
0000000000007730 0000000000000094 T mutexLock
00000000000077d0 0000000000000024 T mutexUnlock
0000000000007800 000000000000004c T rmutexLock
0000000000007850 000000000000001c T rmutexUnlock
0000000000007870 000000000000007c t _GetRegionFromInfo.isra.1
00000000000078f0 00000000000000e4 T virtmemSetup
00000000000079e0 000000000000013c T virtmemReserve
0000000000007b20 0000000000000004 T virtmemFree
0000000000007b30 0000000000000010 t fsdev_link
0000000000007b40 0000000000000010 t fsdev_dirreset
0000000000007b50 0000000000000010 t fsdev_chmod
0000000000007b60 000000000000001c t error_cmp
0000000000007b80 0000000000000058 t fsdev_translate_error
0000000000007be0 0000000000000040 t fsdev_fsync
0000000000007c20 0000000000000060 t fsdev_ftruncate
0000000000007c80 0000000000000020 t fsdev_dirclose
0000000000007ca0 000000000000016c t fsdev_dirnext
0000000000007e10 000000000000001c t fsdev_close
0000000000007e30 0000000000000080 t fsdev_fstat
0000000000007eb0 00000000000000b0 t fsdev_seek
0000000000007f60 0000000000000198 t fsdev_read
0000000000008100 00000000000001a0 t fsdev_write
00000000000082a0 0000000000000118 t fsdevFindDevice
00000000000083c0 0000000000000168 t _fsdevMountDevice
0000000000008530 00000000000001fc t fsdev_getfspath
0000000000008730 0000000000000070 t fsdev_rmdir
00000000000087a0 00000000000000d4 t fsdev_statvfs
0000000000008880 00000000000000ec t fsdev_diropen
0000000000008970 0000000000000070 t fsdev_mkdir
00000000000089e0 0000000000000114 t fsdev_rename
0000000000008b00 00000000000000c4 t fsdev_chdir
0000000000008bd0 0000000000000070 t fsdev_unlink
0000000000008c40 0000000000000168 t fsdev_stat
0000000000008db0 0000000000000180 t fsdev_open
0000000000008f30 00000000000000b8 t _fsdevUnmountDeviceStruct.part.4
0000000000008ff0 0000000000000010 t fsdev_fchmod
0000000000009000 0000000000000158 T fsdevMountSdmc
0000000000009160 0000000000000064 T fsdevUnmountAll
00000000000091d0 0000000000000034 t ipcCloseObjectById
0000000000009210 000000000000012c t _timeGetSession
0000000000009340 00000000000001ec T timeExit
0000000000009530 00000000000000d8 T timeInitialize
0000000000009610 0000000000000124 T timeGetCurrentTime
0000000000009740 0000000000000034 t ipcCloseObjectById
0000000000009780 0000000000000130 t _viCreatestray_layer.isra.4
00000000000098b0 0000000000000134 t _viGetSession.constprop.6
00000000000099f0 0000000000000140 t _viOpenLayer
0000000000009b30 00000000000001d8 T viExit
0000000000009d10 000000000000026c T viInitialize
0000000000009f80 000000000000000c T viGetSession_IHOSBinderDriverRelay
0000000000009f90 0000000000000140 T viOpenDisplay
000000000000a0d0 00000000000000f0 T viCloseDisplay
000000000000a1c0 00000000000000d0 T viOpenLayer
000000000000a290 0000000000000100 T viCloseLayer
000000000000a390 00000000000000e8 T viSetLayerScalingMode
000000000000a480 000000000000012c T viGetDisplayVsyncEvent
000000000000a5b0 0000000000000034 t ipcCloseObjectById
000000000000a5f0 00000000000000c8 t ipcQueryPointerBufferSize.constprop.6
000000000000a6c0 00000000000000d8 t _nvSetClientPID
000000000000a7a0 00000000000000f0 t _nvInitialize.constprop.5
000000000000a890 00000000000000a8 T nvExit
000000000000a940 00000000000001a4 T nvInitialize
000000000000aaf0 000000000000012c T nvConvertError
000000000000ac20 000000000000012c T nvOpen
000000000000ad50 0000000000000218 T nvIoctl
000000000000af70 00000000000000dc T nvClose
000000000000b050 000000000000013c T nvQueryEvent
000000000000b190 0000000000000034 t ipcCloseObjectById
000000000000b1d0 0000000000000124 T fsInitialize
000000000000b300 000000000000009c T fsExit
000000000000b3a0 0000000000000134 T fsMountSdcard
000000000000b4e0 00000000000000f4 T fsFsCreateFile
000000000000b5e0 00000000000000f0 T fsFsDeleteFile
000000000000b6d0 00000000000000f0 T fsFsCreateDirectory
000000000000b7c0 00000000000000f0 T fsFsDeleteDirectory
000000000000b8b0 000000000000011c T fsFsRenameFile
000000000000b9d0 000000000000011c T fsFsRenameDirectory
000000000000baf0 0000000000000104 T fsFsGetEntryType
000000000000bc00 0000000000000154 T fsFsOpenFile
000000000000bd60 000000000000014c T fsFsOpenDirectory
000000000000beb0 0000000000000104 T fsFsGetFreeSpace
000000000000bfc0 0000000000000104 T fsFsGetTotalSpace
000000000000c0d0 000000000000006c T fsFsClose
000000000000c140 0000000000000108 T fsFileRead
000000000000c250 00000000000000f8 T fsFileWrite
000000000000c350 00000000000000c8 T fsFileFlush
000000000000c420 00000000000000c8 T fsFileSetSize
000000000000c4f0 00000000000000ec T fsFileGetSize
000000000000c5e0 000000000000006c T fsFileClose
000000000000c650 000000000000006c T fsDirClose
000000000000c6c0 0000000000000110 T fsDirRead
000000000000c7d0 0000000000000010 T bufferProducerInitialize
000000000000c7e0 000000000000000c T bufferProducerExit
000000000000c7f0 000000000000011c T bufferProducerRequestBuffer
000000000000c910 0000000000000198 T bufferProducerDequeueBuffer
000000000000cab0 0000000000000094 T bufferProducerDetachBuffer
000000000000cb50 0000000000000108 T bufferProducerQueueBuffer
000000000000cc60 00000000000000dc T bufferProducerQuery
000000000000cd40 0000000000000110 T bufferProducerConnect
000000000000ce50 0000000000000094 T bufferProducerDisconnect
000000000000cef0 0000000000000100 T bufferProducerGraphicBufferInit
000000000000cff0 0000000000000248 t _binderTransactParcelAuto
000000000000d240 00000000000000c8 t ipcQueryPointerBufferSize
000000000000d310 0000000000000138 t _binderTransactParcel
000000000000d450 0000000000000018 T binderCreateSession
000000000000d470 0000000000000010 T binderTransactParcel
000000000000d480 00000000000000e4 T binderAdjustRefcount
000000000000d570 0000000000000068 T binderExitSession
000000000000d5e0 000000000000013c T binderGetNativeHandle
000000000000d720 0000000000000120 T binderInitSession
000000000000d840 0000000000000028 T parcelInitialize
000000000000d870 0000000000000190 T parcelTransact
000000000000da00 0000000000000088 T parcelWriteData
000000000000da90 0000000000000098 T parcelReadData
000000000000db30 0000000000000020 T parcelWriteInt32
000000000000db50 0000000000000020 T parcelWriteUInt32
000000000000db70 0000000000000080 T parcelWriteString16
000000000000dbf0 0000000000000030 T parcelWriteInterfaceToken
000000000000dc20 0000000000000024 T parcelReadInt32
000000000000dc50 0000000000000068 T parcelReadFlattenedObject
000000000000dcc0 0000000000000044 T parcelWriteFlattenedObject
000000000000dd10 000000000000012c T decode_utf8
000000000000de3c T __aarch64_read_tp
000000000000de50 00000000000000c4 T nxlinkSetup
000000000000df20 000000000000007c T tmemCreate
000000000000dfa0 0000000000000058 T tmemUnmap
000000000000e000 0000000000000068 T tmemClose
000000000000e068 00000000000000b8 T bsearch
000000000000e120 0000000000000044 T __libc_fini_array
000000000000e168 000000000000008c T __libc_init_array
000000000000e1f8 000000000000005c T __itoa
000000000000e258 0000000000000004 T itoa
000000000000e260 000000000000002c T __locale_mb_cur_max
000000000000e290 0000000000000008 T __locale_ctype_ptr_l
000000000000e298 000000000000002c T __locale_ctype_ptr
000000000000e2c8 0000000000000030 T memalign
000000000000e2f8 0000000000000198 T _memalign_r
000000000000e490 000000000000001c T malloc
000000000000e4b0 000000000000001c T free
000000000000e4d0 0000000000000844 T _malloc_r
000000000000ed18 00000000000002c8 T __utf8_mbtowc
000000000000efe0 00000000000000d8 T memchr
000000000000f0c0 000000000000016c T memcpy
000000000000f240 00000000000001d8 T memset
000000000000f418 000000000000000c T __malloc_lock
000000000000f428 000000000000000c T __malloc_unlock
000000000000f438 000000000000008c T printf
000000000000f4c8 0000000000000030 T rename
000000000000f4f8 000000000000025c T setvbuf
000000000000f758 00000000000000bc T sscanf
000000000000f818 0000000000000050 T __sread
000000000000f868 0000000000000008 T __seofread
000000000000f870 000000000000006c T __swrite
000000000000f8e0 0000000000000050 T __sseek
000000000000f930 0000000000000008 T __sclose
000000000000f938 0000000000000074 T strcat
000000000000f9ac 00000000000000dc T strchr
000000000000fac0 00000000000000a4 T strcmp
000000000000fb80 00000000000001b8 T strcpy
000000000000fd40 0000000000000140 T strlen
000000000000fe80 0000000000000084 T strncat
000000000000ff5c 0000000000000108 T strncmp
0000000000010068 00000000000000a8 T strncpy
0000000000010164 00000000000000e0 T strnlen
0000000000010220 00000000000001d0 t _strtol_l.isra.0
00000000000103f0 0000000000000048 T _strtol_r
0000000000010438 00000000000001e0 t _strtoul_l.isra.0
0000000000010618 0000000000000048 T _strtoul_r
0000000000010660 000000000000005c T strtoul
00000000000106bc 000000000000005c t get_arg
0000000000010718 0000000000002f48 T __ssvfscanf_r
0000000000013660 00000000000000ac T __utoa
000000000001370c 000000000000003c T __sprint_r
0000000000013748 000000000000076c t get_arg
0000000000013eb4 0000000000003bfc T _vfprintf_r
0000000000017ab0 00000000000000ec t __sbprintf
0000000000017ba0 00000000000000d0 T _wcrtomb_r
0000000000017c70 0000000000000010 T _wcsrtombs_r
0000000000017c80 00000000000000e4 T __utf8_wctomb
0000000000017d68 0000000000000140 T __swsetup_r
0000000000017ea8 00000000000001a8 t quorem
0000000000018050 00000000000010dc T _dtoa_r
0000000000019130 0000000000000214 T __sflush_r
0000000000019348 00000000000000b8 T _fflush_r
0000000000019400 0000000000000078 t std
0000000000019478 000000000000000c T _cleanup_r
0000000000019488 000000000000000c T __sfp_lock_acquire
0000000000019498 000000000000000c T __sfp_lock_release
00000000000194a8 000000000000000c T __sinit_lock_acquire
00000000000194b8 000000000000000c T __sinit_lock_release
00000000000194c8 0000000000000080 T __sinit
0000000000019548 0000000000000118 T _malloc_trim_r
0000000000019660 00000000000002f4 T _free_r
0000000000019958 00000000000004b8 T __sfvwrite_r
0000000000019e10 00000000000000bc T _fwalk_reent
0000000000019ed0 0000000000000084 T iswspace
0000000000019f58 0000000000000244 t __jp2uc
000000000001a1a0 00000000000000d0 T _jp2uc
000000000001a270 0000000000000008 T __localeconv_l
000000000001a278 0000000000000028 T _localeconv_r
000000000001a2a0 00000000000000a4 T __swhatbuf_r
000000000001a348 000000000000010c T __smakebuf_r
000000000001a458 00000000000000d8 T _mbrtowc_r
000000000001a540 00000000000000ac T memmove
000000000001a5f0 0000000000000090 T _Balloc
000000000001a680 000000000000001c T _Bfree
000000000001a6a0 00000000000000e8 T __multadd
000000000001a788 0000000000000120 T __s2b
000000000001a8a8 000000000000005c T __hi0bits
000000000001a908 00000000000000a0 T __lo0bits
000000000001a9a8 000000000000002c T __i2b
000000000001a9d8 00000000000001c8 T __multiply
000000000001aba0 0000000000000104 T __pow5mult
000000000001aca8 0000000000000134 T __lshift
000000000001ade0 0000000000000050 T __mcmp
000000000001ae30 000000000000014c T __mdiff
000000000001af80 0000000000000068 T __ulp
000000000001afe8 0000000000000150 T __b2d
000000000001b138 0000000000000138 T __d2b
000000000001b270 00000000000000a0 T __ratio
000000000001b310 0000000000000068 T __copybits
000000000001b378 0000000000000084 T __any_on
000000000001b400 0000000000000030 T realloc
000000000001b430 000000000000056c T _realloc_r
000000000001b9a0 00000000000000bc T __sccl
000000000001ba60 000000000000000c T nanf
000000000001ba70 000000000000007c T frexp
000000000001baf0 00000000000000a8 T sprintf
000000000001bb98 00000000000000c8 T stpncpy
000000000001bc60 0000000000000054 t sulp
000000000001bcb8 00000000000010f0 T _strtod_l
000000000001cda8 0000000000000040 T _strtod_r
000000000001cde8 00000000000001d0 t _strtoll_l.isra.0
000000000001cfb8 0000000000000048 T _strtoll_r
000000000001d000 00000000000001e0 t _strtoull_l.isra.0
000000000001d1e0 0000000000000048 T _strtoull_r
000000000001d228 00000000000001c0 T __ssprint_r
000000000001d3e8 00000000000000f4 T _sungetc_r
000000000001d4dc 0000000000000070 T __ssrefill_r
000000000001d54c 00000000000000e0 T _sfread_r
000000000001d62c 000000000000076c t get_arg
000000000001dd98 0000000000003b44 T _svfprintf_r
00000000000218e0 00000000000000c8 T __submore
00000000000219a8 00000000000001dc T _wcsnrtombs_l
0000000000021b88 0000000000000054 T _wcsnrtombs_r
0000000000021be0 0000000000000094 T _calloc_r
0000000000021c78 000000000000015c T _fclose_r
0000000000021dd8 0000000000000114 t rshift
0000000000021ef0 00000000000007e8 T __gethex
00000000000226d8 0000000000000048 T __match
0000000000022720 000000000000022c T __hexnan
0000000000022950 0000000000000008 t null_write
0000000000022958 0000000000000018 T setDefaultDevice
0000000000022970 00000000000000f8 T FindDevice
0000000000022a68 0000000000000034 T RemoveDevice
0000000000022aa0 00000000000000d8 T AddDevice
0000000000022b78 00000000000000a8 T _close_r
0000000000022c20 0000000000000080 T _fstat_r
0000000000022ca0 0000000000000008 T _isatty_r
0000000000022ca8 0000000000000094 T _lseek_r
0000000000022d40 00000000000000a4 T _read_r
0000000000022de8 0000000000000078 T _sbrk_r
0000000000022e60 00000000000000a4 T _write_r
0000000000022f08 0000000000000224 T _concatenate_path
0000000000023130 0000000000000178 T chdir
00000000000232a8 0000000000000074 T mkdir
0000000000023320 0000000000000090 T _rename_r
00000000000233b0 0000000000000018 T __libc_lock_acquire
00000000000233c8 0000000000000018 T __libc_lock_release
00000000000233e0 0000000000000018 T __libc_lock_init_recursive
00000000000233f8 0000000000000018 T __libc_lock_acquire_recursive
0000000000023410 0000000000000018 T __libc_lock_release_recursive
0000000000023428 0000000000000018 T __libc_lock_close_recursive
0000000000023440 000000000000003c T __free_handle
0000000000023480 0000000000000058 T __release_handle
00000000000234d8 0000000000000020 T __get_handle
00000000000234f8 0000000000000024 T __getreent
0000000000023520 0000000000000150 t __extenddftf2
0000000000023670 0000000000000350 t __trunctfdf2
00000000000239c0 0000000000000070 t __sfp_handle_exceptions
0000000000023a30 0000000000000100 T strrchr
0000000000023b30 T _fini
00000000000249b0 0000000000000060 r colorTable
0000000000024a80 0000000000000014 r CSWTCH.39
0000000000024b4c R default_font_bin
0000000000026b4c R default_font_bin_end
0000000000026b4c R default_font_bin_size
0000000000026b58 0000000000000018 r error_table
0000000000026cf8 0000000000000022 r basefix.6415
0000000000026ed0 0000000000000010 r blanks.6393
0000000000026ee0 0000000000000010 r zeroes.6394
0000000000026ef0 0000000000000101 R _ctype_
0000000000027048 00000000000000bc r a1
0000000000027108 00000000000000bc r a2
00000000000271c8 000000000000005b r a3
0000000000027228 0000000000000070 r a6
0000000000027298 00000000000000a2 r a7
0000000000027340 0000000000000040 r a8
0000000000027380 000000000000172a r b02cf
0000000000028ab0 0000000000001a7c r d02f4
000000000002a530 0000000000000028 R __mprec_bigtens
000000000002a558 00000000000000c8 R __mprec_tens
000000000002a620 000000000000000c r p05.5161
000000000002a660 0000000000000014 r fpi.5241
000000000002a678 0000000000000014 r fpinan.5277
000000000002a690 0000000000000028 r tinytens
000000000002a6b8 000000000000006c R __action_table
000000000002a728 0000000000000100 R __chclass
000000000002a828 000000000000006c R __state_table
000000000002a9e0 0000000000000010 r blanks.6378
000000000002a9f0 0000000000000010 r zeroes.6379
000000000002aa00 0000000000000100 R __hexdig
000000000002ab08 0000000000000003 R DIRECTORY_PARENT
000000000002ab10 r __EH_FRAME_BEGIN__
000000000002accc r __FRAME_END__
000000000002acd0 a _DYNAMIC
000000000002e000 t __frame_dummy_init_array_entry
000000000002e000 T __init_array_start
000000000002e000 B __preinit_array_end
000000000002e000 B __preinit_array_start
000000000002e000 D __tdata_lma
000000000002e000 D __tdata_lma_end
000000000002e008 t __do_global_dtors_aux_fini_array_entry
000000000002e008 T __fini_array_start
000000000002e008 T __init_array_end
000000000002e010 T __fini_array_end
000000000002e010 T __got_start__
000000000002e010 a _GLOBAL_OFFSET_TABLE_
000000000002e278 D __got_end__
000000000002e278 0000000000000001 d firstConsoleInit.5866
000000000002e280 0000000000000008 D currentConsole
000000000002e288 0000000000000068 D defaultConsole
000000000002e2f0 00000000000000d0 d dotab_stdout
000000000002e3c0 0000000000000001 V __nx_applet_auto_notifyrunning
000000000002e3c4 0000000000000004 V __nx_applet_type
000000000002e3c8 0000000000000004 d g_gfxMode
000000000002e3d0 0000000000000054 d g_gfxQueueBufferData
000000000002e428 000000000000016c d g_gfx_BufferInitData
000000000002e594 0000000000000001 D g_gfx_drawflip
000000000002e598 0000000000000004 V __nx_time_type
000000000002e5a0 0000000000000401 d __cwd
000000000002e9a4 0000000000000004 d fsdev_fsdevice_cwd
000000000002e9a8 0000000000000004 d fsdev_fsdevice_default
000000000002e9b0 00000000000000d0 d fsdev_devoptab
000000000002ea80 0000000000000004 d g_viServiceType
000000000002ea84 0000000000000004 d g_nvServiceType
000000000002ea88 0000000000000023 d g_bufferProducer_InterfaceDescriptor
000000000002eab0 0000000000000008 D _impure_ptr
000000000002eab8 0000000000000768 d impure_data
000000000002f220 00000000000001a8 D __global_locale
000000000002f3c8 0000000000000008 D __malloc_sbrk_base
000000000002f3d0 0000000000000008 D __malloc_trim_threshold
000000000002f3d8 0000000000000810 D __malloc_av_
000000000002fbe8 0000000000000004 d defaultDevice
000000000002fbf0 0000000000000080 D devoptab_list
000000000002fc70 00000000000000e0 D dotab_stdnull
000000000002fd50 0000000000000400 d _current_working_directory
0000000000030150 0000000000000010 d __stderr_handle
0000000000030160 0000000000000010 d __stdin_handle
0000000000030170 0000000000000010 d __stdout_handle
0000000000030180 0000000000002000 d handles
0000000000032180 D __bss_start__
0000000000032180 D __TMC_END__
0000000000032180 b completed.7822
0000000000032188 b object.7827
00000000000321b8 0000000000000008 V __nx_applet_PerformanceConfiguration
00000000000321c0 0000000000000018 b g_appletFirstHook
00000000000321d8 0000000000000001 b g_appletFocusState
00000000000321e0 000000000000000c b g_appletIAudioController
00000000000321f0 000000000000000c b g_appletICommonStateGetter
0000000000032200 000000000000000c b g_appletIDebugFunctions
0000000000032210 000000000000000c b g_appletIDisplayController
0000000000032220 000000000000000c b g_appletIFunctions
0000000000032230 000000000000000c b g_appletILibraryAppletCreator
0000000000032240 000000000000000c b g_appletILibraryAppletSelfAccessor
0000000000032250 000000000000000c b g_appletIProcessWindingController
0000000000032260 000000000000000c b g_appletISelfController
0000000000032270 000000000000000c b g_appletIWindowController
000000000003227c 0000000000000004 b g_appletMessageEventHandle
0000000000032280 0000000000000001 b g_appletNotifiedRunning
0000000000032281 0000000000000001 b g_appletOperationMode
0000000000032284 0000000000000004 b g_appletPerformanceMode
0000000000032288 000000000000000c b g_appletProxySession
0000000000032298 0000000000000008 b g_appletResourceUserId
00000000000322a0 000000000000000c b g_appletSrv
00000000000322b0 0000000000000008 b g_refCnt
00000000000322b8 0000000000000050 b g_controllerDown
0000000000032308 00000000000001e0 b g_controllerEntries
00000000000324e8 0000000000000190 b g_controllerHeaders
0000000000032678 0000000000000050 b g_controllerHeld
00000000000326c8 0000000000000028 b g_controllerLayout
00000000000326f0 0000000000000050 b g_controllerOld
0000000000032740 0000000000000004 b g_controllerP1AutoID
0000000000032748 0000000000000050 b g_controllerTimestamps
0000000000032798 0000000000000050 b g_controllerUp
00000000000327e8 000000000000000c b g_hidIAppletResource
00000000000327f8 0000000000000020 b g_hidLock
0000000000032818 0000000000000020 b g_hidSharedmem
0000000000032838 000000000000000c b g_hidSrv
0000000000032848 0000000000000020 b g_keyboardDown
0000000000032868 0000000000000038 b g_keyboardEntry
00000000000328a0 0000000000000020 b g_keyboardHeld
00000000000328c0 0000000000000008 b g_keyboardModDown
00000000000328c8 0000000000000008 b g_keyboardModHeld
00000000000328d0 0000000000000008 b g_keyboardModOld
00000000000328d8 0000000000000008 b g_keyboardModUp
00000000000328e0 0000000000000020 b g_keyboardOld
0000000000032900 0000000000000008 b g_keyboardTimestamp
0000000000032908 0000000000000020 b g_keyboardUp
0000000000032928 0000000000000008 b g_mouseDown
0000000000032930 0000000000000030 b g_mouseEntry
0000000000032960 0000000000000008 b g_mouseHeld
0000000000032968 0000000000000008 b g_mouseOld
0000000000032970 0000000000000008 b g_mouseTimestamp
0000000000032978 0000000000000008 b g_mouseUp
0000000000032980 0000000000000008 b g_refCnt
0000000000032988 0000000000000298 b g_touchEntry
0000000000032c20 0000000000000008 b g_touchTimestamp
0000000000032c28 0000000000000008 b g_refCnt
0000000000032c30 0000000000000004 b g_smHandle
0000000000032c38 0000000000000200 b g_smOverrides
0000000000032e38 0000000000000008 b g_smOverridesNum
0000000000032e40 000000000000000c b g_apmISession
0000000000032e50 000000000000000c b g_apmSrv
0000000000032e60 0000000000000008 b g_refCnt
0000000000032e68 0000000000000020 b g_gfxBinderSession
0000000000032e88 0000000000000004 b g_gfxCurrentBuffer
0000000000032e8c 0000000000000004 b g_gfxCurrentProducerBuffer
0000000000032e90 0000000000000050 b g_gfxDisplay
0000000000032ee0 0000000000000004 b g_gfxDisplayVsyncEvent
0000000000032ee8 0000000000000008 b g_gfxFramebuf
0000000000032ef0 0000000000000008 b g_gfxFramebufLinear
0000000000032ef8 0000000000000008 b g_gfxFramebufSize
0000000000032f00 0000000000000001 b g_gfxInitialized
0000000000032f08 0000000000000010 b g_gfxLayer
0000000000032f18 0000000000000100 b g_gfxNativeWindow
0000000000033018 0000000000000004 b g_gfxNativeWindow_ID
0000000000033020 0000000000000008 b g_gfxNativeWindow_Size
0000000000033028 0000000000000010 b g_gfx_Connect_QueueBufferOutput
0000000000033038 0000000000000024 b g_gfx_DequeueBuffer_fence
000000000003305c 0000000000000001 b g_gfx_ProducerConnected
0000000000033060 0000000000000002 b g_gfx_ProducerSlotsRequested
0000000000033068 0000000000000010 b g_gfx_QueueBuffer_QueueBufferOutput
0000000000033078 0000000000000018 b g_gfx_autoresolution_applethookcookie
0000000000033090 0000000000000004 b g_gfx_autoresolution_docked_height
0000000000033094 0000000000000004 b g_gfx_autoresolution_docked_width
0000000000033098 0000000000000001 b g_gfx_autoresolution_enabled
000000000003309c 0000000000000004 b g_gfx_autoresolution_handheld_height
00000000000330a0 0000000000000004 b g_gfx_autoresolution_handheld_width
00000000000330a8 0000000000000008 B g_gfx_framebuf_aligned_height
00000000000330b0 0000000000000008 B g_gfx_framebuf_aligned_width
00000000000330b8 0000000000000008 B g_gfx_framebuf_display_height
00000000000330c0 0000000000000008 B g_gfx_framebuf_display_width
00000000000330c8 0000000000000008 B g_gfx_framebuf_height
00000000000330d0 0000000000000008 B g_gfx_framebuf_width
00000000000330d8 0000000000000008 B g_gfx_singleframebuf_linear_size
00000000000330e0 0000000000000008 B g_gfx_singleframebuf_size
00000000000330e8 0000000000000001 b g_nvgfxInitialized
00000000000330ec 0000000000000004 b g_nvgfx_fd_nvhostasgpu
00000000000330f0 0000000000000004 b g_nvgfx_fd_nvhostctrl
00000000000330f4 0000000000000004 b g_nvgfx_fd_nvhostctrlgpu
00000000000330f8 0000000000000004 b g_nvgfx_fd_nvhostgpu
00000000000330fc 0000000000000004 b g_nvgfx_fd_nvmap
0000000000033100 0000000000000008 b g_nvgfx_gpfifo_pos
0000000000033108 00000000000000a0 b g_nvgfx_gpu_characteristics
00000000000331a8 0000000000000008 b g_nvgfx_l2state
00000000000331b0 0000000000000008 b g_nvgfx_nvhost_fence
00000000000331b8 0000000000000008 b g_nvgfx_nvhost_userdata
00000000000331c0 0000000000000008 b g_nvgfx_nvhost_userdata_size
00000000000331c8 0000000000000008 b g_nvgfx_nvhostasgpu_allocspace_offset
00000000000331d0 0000000000000030 b g_nvgfx_nvhostasgpu_varegions
0000000000033200 0000000000000004 b g_nvgfx_nvhostctrl_eventhandle
0000000000033204 0000000000000004 b g_nvgfx_nvhostctrl_eventres
0000000000033208 0000000000000004 b g_nvgfx_nvhostctrlgpu_event2
000000000003320c 0000000000000004 b g_nvgfx_nvhostgpu_event3
0000000000033210 0000000000000004 B g_nvgfx_totalframebufs
0000000000033218 0000000000000018 b g_nvgfx_tpcmasks
0000000000033230 0000000000000004 b g_nvgfx_zcullctxsize
0000000000033238 0000000000000028 b g_nvgfx_zcullinfo
0000000000033260 0000000000000008 b nvmap_obj3_mapbuffer_x0_offset
0000000000033268 0000000000000008 b nvmap_obj4_mapbuffer_x0_offset
0000000000033270 0000000000000008 b nvmap_obj6_mapbuffer_xdb_offset
0000000000033278 00000000000001b0 b nvmap_objs
0000000000033428 0000000000000008 V __nx_heap_size
0000000000033430 0000000000000001 b g_isNso
0000000000033434 0000000000000004 b g_lastLoadResult
0000000000033438 0000000000000008 b g_loaderRetAddr
0000000000033440 0000000000000004 b g_mainThreadHandle
0000000000033448 0000000000000008 b g_nextLoadArgv
0000000000033450 0000000000000008 b g_nextLoadPath
0000000000033458 0000000000000008 b g_overrideArgv
0000000000033460 0000000000000008 b g_overrideHeapAddr
0000000000033468 0000000000000008 b g_overrideHeapSize
0000000000033470 0000000000000004 b g_processHandle
0000000000033478 0000000000000010 b g_syscallHints
0000000000033488 0000000000000008 b g_argv_empty
0000000000033490 0000000000000001 b g_HasCached
0000000000033491 0000000000000001 b g_IsAbove200
0000000000033492 0000000000000001 b g_IsAbove300
0000000000033493 0000000000000001 b g_IsAbove400
0000000000033494 0000000000000001 b g_IsAbove500
0000000000033498 0000000000000004 b g_Mutex
00000000000334a0 0000000000000010 b g_AddressSpace
00000000000334b0 0000000000000008 b g_CurrentAddr
00000000000334b8 0000000000000030 b g_Region
00000000000334e8 0000000000000004 b g_VirtMemMutex
00000000000334f0 0000000000002100 b fsdev_fsdevices
00000000000355f0 0000000000000001 b fsdev_initialised
00000000000355f8 0000000000000008 b g_refCnt
0000000000035600 000000000000000c b g_timeLocalSystemClock
0000000000035610 000000000000000c b g_timeNetworkSystemClock
0000000000035620 000000000000000c b g_timeSrv
0000000000035630 000000000000000c b g_timeTimeZoneService
0000000000035640 000000000000000c b g_timeUserSystemClock
0000000000035650 000000000000000c b g_viIApplicationDisplayService
0000000000035660 000000000000000c b g_viIHOSBinderDriverIndirect
0000000000035670 000000000000000c b g_viIHOSBinderDriverRelay
0000000000035680 000000000000000c b g_viIManagerDisplayService
0000000000035690 000000000000000c b g_viISystemDisplayService
00000000000356a0 000000000000000c b g_viSrv
00000000000356b0 0000000000000008 b g_nvIpcBufferSize
00000000000356b8 000000000000000c b g_nvSrv
00000000000356c8 0000000000000028 b g_nvTransfermem
00000000000356f0 000000000000000c b g_fsSrv
0000000000035700 0000000000000008 b g_refCnt
0000000000035708 0000000000000008 b g_bufferProducerBinderSession
0000000000035710 0000000000000028 B __malloc_current_mallinfo
0000000000035738 0000000000000008 B __malloc_max_sbrked_mem
0000000000035740 0000000000000008 B __malloc_max_total_mem
0000000000035748 0000000000000008 B __malloc_top_pad
0000000000035750 000000000000000c b __malloc_recursive_mutex
0000000000035760 000000000000000c b __sfp_recursive_mutex
0000000000035770 000000000000000c b __sinit_recursive_mutex
0000000000035780 0000000000000008 b heap_start.5228
0000000000035788 0000000000000008 B fake_heap_end
0000000000035790 0000000000000008 B fake_heap_start
0000000000035798 0000000000000400 b temp_cwd
0000000000035b98 0000000000000090 B __syscalls
0000000000035c28 0000000000000004 b __hndl_lock
0000000000035c30 0000000000000068 B currentCopy
0000000000035c98 0000000000000008 B g_nvgfx_nvhostgpu_gpfifo_fence
0000000000035ca0 0000000000000008 B __stack_top
0000000000035ca8 0000000000000008 B __system_argv
0000000000035cb0 0000000000000004 B __system_argc
0000000000035cb8 0000000000000004 B __nxlink_host
0000000000035cc0 B __tls_start
000000000003a0c8 B __bss_end__
000000000003a0c8 A __end__
000000000003a0c8 B __tls_end
000000000003b000 A __argdata__
